c:\users\vince\documents\visual studio 2013\projects\pang9v2\debug\pang.pch
c:\users\vince\documents\visual studio 2013\projects\pang9v2\debug\vc120.pdb
c:\users\vince\documents\visual studio 2013\projects\pang9v2\debug\vc120.idb
c:\users\vince\documents\visual studio 2013\projects\pang9v2\debug\stdafx.obj
c:\users\vince\documents\visual studio 2013\projects\pang9v2\debug\aipaddle.obj
c:\users\vince\documents\visual studio 2013\projects\pang9v2\debug\game.obj
c:\users\vince\documents\visual studio 2013\projects\pang9v2\debug\gameball.obj
c:\users\vince\documents\visual studio 2013\projects\pang9v2\debug\gameobjectmanager.obj
c:\users\vince\documents\visual studio 2013\projects\pang9v2\debug\mainmenu.obj
c:\users\vince\documents\visual studio 2013\projects\pang9v2\debug\pang.obj
c:\users\vince\documents\visual studio 2013\projects\pang9v2\debug\playerpaddle.obj
c:\users\vince\documents\visual studio 2013\projects\pang9v2\debug\servicelocator.obj
c:\users\vince\documents\visual studio 2013\projects\pang9v2\debug\sfmlsoundprovider.obj
c:\users\vince\documents\visual studio 2013\projects\pang9v2\debug\soundfilecache.obj
c:\users\vince\documents\visual studio 2013\projects\pang9v2\debug\splashscreen.obj
c:\users\vince\documents\visual studio 2013\projects\pang9v2\debug\visiblegameobject.obj
c:\users\vince\documents\visual studio 2013\projects\pang9v2\debug\pang.ilk
c:\users\vince\documents\visual studio 2013\projects\pang9v2\debug\pang.exe
c:\users\vince\documents\visual studio 2013\projects\pang9v2\debug\pang.pdb
c:\users\vince\documents\visual studio 2013\projects\pang9v2\debug\pang.tlog\cl.command.1.tlog
c:\users\vince\documents\visual studio 2013\projects\pang9v2\debug\pang.tlog\cl.read.1.tlog
c:\users\vince\documents\visual studio 2013\projects\pang9v2\debug\pang.tlog\cl.write.1.tlog
c:\users\vince\documents\visual studio 2013\projects\pang9v2\debug\pang.tlog\link.command.1.tlog
c:\users\vince\documents\visual studio 2013\projects\pang9v2\debug\pang.tlog\link.read.1.tlog
c:\users\vince\documents\visual studio 2013\projects\pang9v2\debug\pang.tlog\link.write.1.tlog
