c:\users\hermawan wijaya\documents\visual studio 2015\projects\fp_pemgame\hockey fantasia v0.1\release\hockey fantasia.pch
c:\users\hermawan wijaya\documents\visual studio 2015\projects\fp_pemgame\hockey fantasia v0.1\release\vc140.pdb
c:\users\hermawan wijaya\documents\visual studio 2015\projects\fp_pemgame\hockey fantasia v0.1\release\stdafx.obj
c:\users\hermawan wijaya\documents\visual studio 2015\projects\fp_pemgame\hockey fantasia v0.1\release\visiblegameobject.obj
c:\users\hermawan wijaya\documents\visual studio 2015\projects\fp_pemgame\hockey fantasia v0.1\release\tutorial.obj
c:\users\hermawan wijaya\documents\visual studio 2015\projects\fp_pemgame\hockey fantasia v0.1\release\splashscreen.obj
c:\users\hermawan wijaya\documents\visual studio 2015\projects\fp_pemgame\hockey fantasia v0.1\release\soundfilecache.obj
c:\users\hermawan wijaya\documents\visual studio 2015\projects\fp_pemgame\hockey fantasia v0.1\release\sfmlsoundprovider.obj
c:\users\hermawan wijaya\documents\visual studio 2015\projects\fp_pemgame\hockey fantasia v0.1\release\settings.obj
c:\users\hermawan wijaya\documents\visual studio 2015\projects\fp_pemgame\hockey fantasia v0.1\release\servicelocator.obj
c:\users\hermawan wijaya\documents\visual studio 2015\projects\fp_pemgame\hockey fantasia v0.1\release\playerpaddle.obj
c:\users\hermawan wijaya\documents\visual studio 2015\projects\fp_pemgame\hockey fantasia v0.1\release\pang.obj
c:\users\hermawan wijaya\documents\visual studio 2015\projects\fp_pemgame\hockey fantasia v0.1\release\mainmenu.obj
c:\users\hermawan wijaya\documents\visual studio 2015\projects\fp_pemgame\hockey fantasia v0.1\release\gameobjectmanager.obj
c:\users\hermawan wijaya\documents\visual studio 2015\projects\fp_pemgame\hockey fantasia v0.1\release\gameball.obj
c:\users\hermawan wijaya\documents\visual studio 2015\projects\fp_pemgame\hockey fantasia v0.1\release\game.obj
c:\users\hermawan wijaya\documents\visual studio 2015\projects\fp_pemgame\hockey fantasia v0.1\release\aipaddle.obj
c:\users\hermawan wijaya\documents\visual studio 2015\projects\fp_pemgame\hockey fantasia v0.1\release\playerpaddle2.obj
c:\users\hermawan wijaya\documents\visual studio 2015\projects\fp_pemgame\hockey fantasia v0.1\release\score1.obj
c:\users\hermawan wijaya\documents\visual studio 2015\projects\fp_pemgame\hockey fantasia v0.1\release\score2.obj
c:\users\hermawan wijaya\documents\visual studio 2015\projects\fp_pemgame\hockey fantasia v0.1\release\arena.obj
c:\users\hermawan wijaya\documents\visual studio 2015\projects\fp_pemgame\hockey fantasia v0.1\release\hockey fantasia.exe
c:\users\hermawan wijaya\documents\visual studio 2015\projects\fp_pemgame\hockey fantasia v0.1\release\hockey fantasia.ipdb
c:\users\hermawan wijaya\documents\visual studio 2015\projects\fp_pemgame\hockey fantasia v0.1\release\hockey fantasia.iobj
c:\users\hermawan wijaya\documents\visual studio 2015\projects\fp_pemgame\hockey fantasia v0.1\release\hockey fantasia.pdb
c:\users\hermawan wijaya\documents\visual studio 2015\projects\fp_pemgame\hockey fantasia v0.1\release\hockey fantasia.tlog\cl.command.1.tlog
c:\users\hermawan wijaya\documents\visual studio 2015\projects\fp_pemgame\hockey fantasia v0.1\release\hockey fantasia.tlog\cl.read.1.tlog
c:\users\hermawan wijaya\documents\visual studio 2015\projects\fp_pemgame\hockey fantasia v0.1\release\hockey fantasia.tlog\cl.write.1.tlog
c:\users\hermawan wijaya\documents\visual studio 2015\projects\fp_pemgame\hockey fantasia v0.1\release\hockey fantasia.tlog\link.command.1.tlog
c:\users\hermawan wijaya\documents\visual studio 2015\projects\fp_pemgame\hockey fantasia v0.1\release\hockey fantasia.tlog\link.read.1.tlog
c:\users\hermawan wijaya\documents\visual studio 2015\projects\fp_pemgame\hockey fantasia v0.1\release\hockey fantasia.tlog\link.write.1.tlog
